<?xml version="1.0" encoding="UTF-8"?>
<!-- Generated by org.testng.reporters.JUnitReportReporter -->
<testsuite hostname="Sumit" name="com.toronto.tests.HomepageTest" tests="1" failures="0" timestamp="6 Jun 2022 18:39:44 GMT" time="12.125" errors="0">
  <testcase name="test3" time="12.125" classname="com.toronto.tests.HomepageTest"/>
</testsuite> <!-- com.toronto.tests.HomepageTest -->
