<?xml version="1.0" encoding="UTF-8"?>
<!-- Generated by org.testng.reporters.JUnitReportReporter -->
<testsuite hostname="Sumit" name="com.toronto.tests.LoginpageTest" tests="2" failures="0" timestamp="6 Jun 2022 18:39:44 GMT" time="24.250" errors="0">
  <testcase name="test2" time="12.215" classname="com.toronto.tests.LoginpageTest"/>
  <testcase name="test1" time="12.035" classname="com.toronto.tests.LoginpageTest"/>
</testsuite> <!-- com.toronto.tests.LoginpageTest -->
